2016-07-06 18:24:19.299 xcodebuild[56694:10162988] Error loading /Developer/Library/Xcode/Plug-ins/XcodeSubversionPlugin.xcplugin/Contents/MacOS/XcodeSubversionPlugin:  dlopen(/Developer/Library/Xcode/Plug-ins/XcodeSubversionPlugin.xcplugin/Contents/MacOS/XcodeSubversionPlugin, 265): Library not loaded: /usr/lib/libsvn_client-1.0.dylib
  Referenced from: /Developer/Library/Xcode/Plug-ins/XcodeSubversionPlugin.xcplugin/Contents/MacOS/XcodeSubversionPlugin
  Reason: image not found
2016-07-06 18:24:19.299 xcodebuild[56694:10162988] WARNING: Failed to load plugin at: /Developer/Library/Xcode/Plug-ins/XcodeSubversionPlugin.xcplugin, skipping.  Could not load bundle.
2016-07-06 18:24:19.627 xcodebuild[56695:10163049] Error loading /Developer/Library/Xcode/Plug-ins/XcodeSubversionPlugin.xcplugin/Contents/MacOS/XcodeSubversionPlugin:  dlopen(/Developer/Library/Xcode/Plug-ins/XcodeSubversionPlugin.xcplugin/Contents/MacOS/XcodeSubversionPlugin, 265): Library not loaded: /usr/lib/libsvn_client-1.0.dylib
  Referenced from: /Developer/Library/Xcode/Plug-ins/XcodeSubversionPlugin.xcplugin/Contents/MacOS/XcodeSubversionPlugin
  Reason: image not found
2016-07-06 18:24:19.627 xcodebuild[56695:10163049] WARNING: Failed to load plugin at: /Developer/Library/Xcode/Plug-ins/XcodeSubversionPlugin.xcplugin, skipping.  Could not load bundle.
cc1plus: error: unrecognized command line option "-std=gnu++0x"
make: *** [Release/obj.target/bufferutil/src/bufferutil.o] Error 1
gyp ERR! build error 
gyp ERR! stack Error: `make` failed with exit code: 2
gyp ERR! stack     at ChildProcess.onExit (/usr/local/lib/node_modules/npm/node_modules/node-gyp/lib/build.js:276:23)
gyp ERR! stack     at emitTwo (events.js:87:13)
gyp ERR! stack     at ChildProcess.emit (events.js:172:7)
gyp ERR! stack     at Process.ChildProcess._handle.onexit (internal/child_process.js:200:12)
gyp ERR! System Darwin 15.5.0
gyp ERR! command "/usr/local/bin/node" "/usr/local/lib/node_modules/npm/node_modules/node-gyp/bin/node-gyp.js" "rebuild"
gyp ERR! cwd /Users/stephan/Downloads/conversation-simple-master/node_modules/watson-developer-cloud/node_modules/websocket
gyp ERR! node -v v4.4.5
gyp ERR! node-gyp -v v3.3.1
gyp ERR! not ok 
